#
# A fatal error has been detected by the Java Runtime Environment:
#
#  EXCEPTION_ILLEGAL_INSTRUCTION (0xc000001d) at pc=0x0000000068712f78, pid=5856, tid=6872
#
# JRE version: Java(TM) SE Runtime Environment (7.0_51-b13) (build 1.7.0_51-b13)
# Java VM: Java HotSpot(TM) 64-Bit Server VM (24.51-b03 mixed mode windows-amd64 compressed oops)
# Problematic frame:
# C  [jdwp.dll+0x12f78]
#
# Failed to write core dump. Minidumps are not enabled by default on client versions of Windows
#
# If you would like to submit a bug report, please visit:
#   http://bugreport.sun.com/bugreport/crash.jsp
# The crash happened outside the Java Virtual Machine in native code.
# See problematic frame for where to report the bug.
#

---------------  T H R E A D  ---------------

Current thread (0x0000000001fee800):  JavaThread "main" [_thread_in_native, id=6872, stack(0x0000000002370000,0x0000000002470000)]

siginfo: ExceptionCode=0xc000001d

Registers:
RAX=0x000000000246ef60, RBX=0x0000000001fef4f8, RCX=0x0000000001fe8270, RDX=0x0000000001fee9e8
RSP=0x000000000246eec0, RBP=0x0000000001f36090, RSI=0x0000000001fee800, RDI=0x0000000007ada688
R8 =0x0000000007ada680, R9 =0x0000000007ada688, R10=0x0000000000000001, R11=0x0000000068712f64
R12=0x00000000c7aed268, R13=0x0000000000000000, R14=0x0000000000000001, R15=0x0000000001fe8270
RIP=0x0000000068712f78, EFLAGS=0x0000000000010202

Top of Stack: (sp=0x000000000246eec0)
0x000000000246eec0:   000000000246ef60 0000000065a6fae4
0x000000000246eed0:   0000000001fef4f8 0000000001fef4f8
0x000000000246eee0:   0000000001f36090 0000000000000000
0x000000000246eef0:   0000000001f17840 0000000001fef000
0x000000000246ef00:   0000000001fef010 0000000001fef3e8
0x000000000246ef10:   00000000000003d8 0000000001fee800
0x000000000246ef20:   0000000001fee800 0000000001fedb50
0x000000000246ef30:   0000000001fef3f0 0000000001fef500
0x000000000246ef40:   0000000001fef7d8 00000000000003d8
0x000000000246ef50:   000000000246ef60 0000000001fee800
0x000000000246ef60:   0000000001fee880 0000000001fedb50
0x000000000246ef70:   0000000001fef3f0 0000000001fef4f8
0x000000000246ef80:   0000000001fef7d8 00000000000003d8
0x000000000246ef90:   000000000246f290 00000000659d5736
0x000000000246efa0:   0000000001fee800 000000000246f390
0x000000000246efb0:   0000000001fee800 000000000246f0d0 

Instructions: (pc=0x0000000068712f78)
0x0000000068712f58:   65 00 65 00 64 00 2e 00 74 00 6d 00 70 00 00 00
0x0000000068712f68:   50 00 00 00 02 00 00 00 7e 5f 01 00 00 00 19 00
0x0000000068712f78:   64 62 00 00 00 00 03 00 68 33 f4 38 00 00 00 00
0x0000000068712f88:   5d c2 9e a3 d0 31 cf 01 06 00 00 00 00 00 00 00 


Register to memory mapping:

RAX=0x000000000246ef60 is pointing into the stack for thread: 0x0000000001fee800
RBX=0x0000000001fef4f8 is an unknown value
RCX=0x0000000001fe8270 is an unknown value
RDX=0x0000000001fee9e8 is an unknown value
RSP=0x000000000246eec0 is pointing into the stack for thread: 0x0000000001fee800
RBP=0x0000000001f36090 is an unknown value
RSI=0x0000000001fee800 is a thread
RDI=0x0000000007ada688 is an unknown value
R8 =0x0000000007ada680 is an unknown value
R9 =0x0000000007ada688 is an unknown value
R10=0x0000000000000001 is an unknown value
R11=0x0000000068712f64 is an unknown value
R12=0x00000000c7aed268 is an oop
{instance class} 
 - klass: {other class}
R13=0x0000000000000000 is an unknown value
R14=0x0000000000000001 is an unknown value
R15=0x0000000001fe8270 is an unknown value


Stack: [0x0000000002370000,0x0000000002470000],  sp=0x000000000246eec0,  free space=1019k
Native frames: (J=compiled Java code, j=interpreted, Vv=VM code, C=native code)
C  [jdwp.dll+0x12f78]

Java frames: (J=compiled Java code, j=interpreted, Vv=VM code)
j  java.util.Scanner.throwFor()V+26
j  java.util.Scanner.next(Ljava/util/regex/Pattern;)Ljava/lang/String;+70
j  java.util.Scanner.nextInt(I)I+56
j  java.util.Scanner.nextInt()I+5
j  HomeWorks.HeapSort.main([Ljava/lang/String;)V+25
v  ~StubRoutines::call_stub

---------------  P R O C E S S  ---------------

Java Threads: ( => current thread )
  0x0000000009fd3000 JavaThread "Service Thread" daemon [_thread_blocked, id=7036, stack(0x000000000a740000,0x000000000a840000)]
  0x0000000007b5e000 JavaThread "C2 CompilerThread1" daemon [_thread_blocked, id=8076, stack(0x000000000a5a0000,0x000000000a6a0000)]
  0x0000000009fca000 JavaThread "C2 CompilerThread0" daemon [_thread_blocked, id=5384, stack(0x000000000a3d0000,0x000000000a4d0000)]
  0x0000000007b53000 JavaThread "JDWP Command Reader" daemon [_thread_in_native, id=7936, stack(0x0000000009ec0000,0x0000000009fc0000)]
  0x0000000007b52000 JavaThread "JDWP Event Helper Thread" daemon [_thread_blocked, id=8156, stack(0x0000000009d80000,0x0000000009e80000)]
  0x0000000007b46800 JavaThread "JDWP Transport Listener: dt_socket" daemon [_thread_blocked, id=4648, stack(0x0000000009bd0000,0x0000000009cd0000)]
  0x0000000007b40000 JavaThread "Attach Listener" daemon [_thread_blocked, id=7860, stack(0x0000000008d90000,0x0000000008e90000)]
  0x0000000007b38800 JavaThread "Signal Dispatcher" daemon [_thread_blocked, id=7080, stack(0x0000000009070000,0x0000000009170000)]
  0x0000000007ae2000 JavaThread "Finalizer" daemon [_thread_blocked, id=6968, stack(0x0000000008ec0000,0x0000000008fc0000)]
  0x0000000007adb000 JavaThread "Reference Handler" daemon [_thread_blocked, id=1032, stack(0x0000000008c60000,0x0000000008d60000)]
=>0x0000000001fee800 JavaThread "main" [_thread_in_native, id=6872, stack(0x0000000002370000,0x0000000002470000)]

Other Threads:
  0x0000000007ad7800 VMThread [stack: 0x0000000008a90000,0x0000000008b90000] [id=1584]
  0x0000000007b5f800 WatcherThread [stack: 0x00000000098b0000,0x00000000099b0000] [id=8000]

VM state:not at safepoint (normal execution)

VM Mutex/Monitor currently owned by a thread: None

Heap
 PSYoungGen      total 15872K, used 829K [0x00000000eee00000, 0x00000000eff80000, 0x0000000100000000)
  eden space 13824K, 6% used [0x00000000eee00000,0x00000000eeecf668,0x00000000efb80000)
  from space 2048K, 0% used [0x00000000efd80000,0x00000000efd80000,0x00000000eff80000)
  to   space 2048K, 0% used [0x00000000efb80000,0x00000000efb80000,0x00000000efd80000)
 ParOldGen       total 34816K, used 0K [0x00000000cca00000, 0x00000000cec00000, 0x00000000eee00000)
  object space 34816K, 0% used [0x00000000cca00000,0x00000000cca00000,0x00000000cec00000)
 PSPermGen       total 21504K, used 2997K [0x00000000c7800000, 0x00000000c8d00000, 0x00000000cca00000)
  object space 21504K, 13% used [0x00000000c7800000,0x00000000c7aed588,0x00000000c8d00000)

Card table byte_map: [0x0000000005470000,0x0000000005640000] byte_map_base: 0x0000000004e34000

Polling page: 0x0000000000220000

Code Cache  [0x0000000002470000, 0x00000000026e0000, 0x0000000005470000)
 total_blobs=166 nmethods=0 adapters=143 free_code_cache=48772Kb largest_free_block=49942848

Compilation events (0 events):
No events

GC Heap History (0 events):
No events

Deoptimization events (0 events):
No events

Internal exceptions (6 events):
Event: 0.040 Thread 0x0000000001fee800 Threw 0x00000000eee10798 at C:\re\jdk7u51\527\hotspot\src\share\vm\prims\jni.cpp:3991
Event: 0.341 Thread 0x0000000001fee800 Threw 0x00000000eee4cea0 at C:\re\jdk7u51\527\hotspot\src\share\vm\prims\jvm.cpp:1244
Event: 0.355 Thread 0x0000000001fee800 Threw 0x00000000eee6ce98 at C:\re\jdk7u51\527\hotspot\src\share\vm\prims\jvm.cpp:1244
Event: 0.355 Thread 0x0000000001fee800 Threw 0x00000000eee6cfc0 at C:\re\jdk7u51\527\hotspot\src\share\vm\prims\jvm.cpp:1244
Event: 0.356 Thread 0x0000000001fee800 Threw 0x00000000eee704f8 at C:\re\jdk7u51\527\hotspot\src\share\vm\prims\jvm.cpp:1244
Event: 0.356 Thread 0x0000000001fee800 Threw 0x00000000eee70620 at C:\re\jdk7u51\527\hotspot\src\share\vm\prims\jvm.cpp:1244

Events (10 events):
Event: 0.363 loading class 0x0000000001fb7930
Event: 0.363 loading class 0x0000000001fb7930 done
Event: 0.363 loading class 0x0000000001fb7780
Event: 0.363 loading class 0x0000000001fb7780 done
Event: 0.363 loading class 0x0000000001fb78a0
Event: 0.363 loading class 0x0000000001fb78a0 done
Event: 4.455 Executing VM operation: EnableBiasedLocking
Event: 4.455 Executing VM operation: EnableBiasedLocking done
Event: 2353.234 loading class 0x0000000001f823e0
Event: 2353.439 loading class 0x0000000001f823e0 done


Dynamic libraries:
0x000000013f830000 - 0x000000013f863000 	C:\Program Files\Java\jre7\bin\javaw.exe
0x0000000077110000 - 0x00000000772b9000 	C:\Windows\SYSTEM32\ntdll.dll
0x0000000076ef0000 - 0x000000007700f000 	C:\Windows\system32\kernel32.dll
0x000007fefd010000 - 0x000007fefd07b000 	C:\Windows\system32\KERNELBASE.dll
0x000007fefe160000 - 0x000007fefe23b000 	C:\Windows\system32\ADVAPI32.dll
0x000007fefd8f0000 - 0x000007fefd98f000 	C:\Windows\system32\msvcrt.dll
0x000007fefdf50000 - 0x000007fefdf6f000 	C:\Windows\SYSTEM32\sechost.dll
0x000007fefe240000 - 0x000007fefe36d000 	C:\Windows\system32\RPCRT4.dll
0x0000000077010000 - 0x000000007710a000 	C:\Windows\system32\USER32.dll
0x000007feff100000 - 0x000007feff167000 	C:\Windows\system32\GDI32.dll
0x000007fefda80000 - 0x000007fefda8e000 	C:\Windows\system32\LPK.dll
0x000007fefd590000 - 0x000007fefd659000 	C:\Windows\system32\USP10.dll
0x000007fefb3c0000 - 0x000007fefb5b4000 	C:\Windows\WinSxS\amd64_microsoft.windows.common-controls_6595b64144ccf1df_6.0.7601.17514_none_fa396087175ac9ac\COMCTL32.dll
0x000007fefdcf0000 - 0x000007fefdd61000 	C:\Windows\system32\SHLWAPI.dll
0x000007fefda50000 - 0x000007fefda7e000 	C:\Windows\system32\IMM32.DLL
0x000007fefdf70000 - 0x000007fefe079000 	C:\Windows\system32\MSCTF.dll
0x0000000067730000 - 0x0000000067802000 	C:\Program Files\Java\jre7\bin\msvcr100.dll
0x00000000658f0000 - 0x00000000660b9000 	C:\Program Files\Java\jre7\bin\server\jvm.dll
0x000007feec040000 - 0x000007feec049000 	C:\Windows\system32\WSOCK32.dll
0x000007fefda90000 - 0x000007fefdadd000 	C:\Windows\system32\WS2_32.dll
0x000007fefd660000 - 0x000007fefd668000 	C:\Windows\system32\NSI.dll
0x000007fef9260000 - 0x000007fef929b000 	C:\Windows\system32\WINMM.dll
0x00000000772e0000 - 0x00000000772e7000 	C:\Windows\system32\PSAPI.DLL
0x0000000068e70000 - 0x0000000068e7f000 	C:\Program Files\Java\jre7\bin\verify.dll
0x00000000689f0000 - 0x0000000068a18000 	C:\Program Files\Java\jre7\bin\java.dll
0x0000000068700000 - 0x0000000068735000 	C:\Program Files\Java\jre7\bin\jdwp.dll
0x0000000068e80000 - 0x0000000068e88000 	C:\Program Files\Java\jre7\bin\npt.dll
0x0000000068a30000 - 0x0000000068a45000 	C:\Program Files\Java\jre7\bin\zip.dll
0x0000000068ad0000 - 0x0000000068ad9000 	C:\Program Files\Java\jre7\bin\dt_socket.dll
0x000007fefa920000 - 0x000007fefa935000 	C:\Windows\system32\NLAapi.dll
0x000007feec080000 - 0x000007feec095000 	C:\Windows\system32\napinsp.dll
0x000007feec060000 - 0x000007feec079000 	C:\Windows\system32\pnrpnsp.dll
0x000007fefc860000 - 0x000007fefc8b5000 	C:\Windows\System32\mswsock.dll
0x000007fefc790000 - 0x000007fefc7eb000 	C:\Windows\system32\DNSAPI.dll
0x000007feec4c0000 - 0x000007feec4cb000 	C:\Windows\System32\winrnr.dll
0x000007feec050000 - 0x000007feec060000 	C:\Windows\system32\wshbth.dll
0x00000000723a0000 - 0x00000000723c6000 	C:\Program Files\Bonjour\mdnsNSP.dll
0x000007fefa670000 - 0x000007fefa697000 	C:\Windows\system32\Iphlpapi.DLL
0x000007fefa650000 - 0x000007fefa65b000 	C:\Windows\system32\WINNSI.DLL
0x000007fefa500000 - 0x000007fefa553000 	C:\Windows\System32\fwpuclnt.dll
0x000007fef6eb0000 - 0x000007fef6eb8000 	C:\Windows\system32\rasadhlp.dll
0x000007fefc0f0000 - 0x000007fefc0f7000 	C:\Windows\System32\wshtcpip.dll
0x000007fee6ee0000 - 0x000007fee7005000 	C:\Windows\system32\dbghelp.dll

VM Arguments:
jvm_args: -agentlib:jdwp=transport=dt_socket,suspend=y,address=localhost:54208 -Dfile.encoding=Cp1251 
java_command: HomeWorks.HeapSort
Launcher Type: SUN_STANDARD

Environment Variables:
PATH=C:\Program Files (x86)\AMD APP\bin\x86_64;C:\Program Files (x86)\AMD APP\bin\x86;C:\Windows\system32;C:\Windows;C:\Windows\System32\Wbem;C:\Windows\System32\WindowsPowerShell\v1.0\;C:\Program Files (x86)\ATI Technologies\ATI.ACE\Core-Static;C:\Program Files (x86)\Common Files\Acronis\SnapAPI\;C:\Program Files\MiKTeX 2.9\miktex\bin\x64\
USERNAME=борис
OS=Windows_NT
PROCESSOR_IDENTIFIER=AMD64 Family 21 Model 19 Stepping 1, AuthenticAMD



---------------  S Y S T E M  ---------------

OS: Windows 7 , 64 bit Build 7601 Service Pack 1

CPU:total 4 (4 cores per cpu, 1 threads per core) family 21 model 19 stepping 1, cmov, cx8, fxsr, mmx, sse, sse2, sse3, ssse3, sse4.1, sse4.2, popcnt, avx, aes, mmxext, 3dnowpref, lzcnt, sse4a, tsc, tscinvbit, tscinv

Memory: 4k page, physical 3360632k(492016k free), swap 6719400k(1375752k free)

vm_info: Java HotSpot(TM) 64-Bit Server VM (24.51-b03) for windows-amd64 JRE (1.7.0_51-b13), built on Dec 18 2013 18:40:56 by "java_re" with unknown MS VC++:1600

time: Thu Feb 27 19:29:31 2014
elapsed time: 2353 seconds

